  Main.cpp
c:\users\100716573\documents\visual studio 2017\projects\gdw-1-project-2\gdw-1-project-2\main.cpp(19): error C2535: 'T Deck<T>::draw(void)': member function already defined or declared
  c:\users\100716573\documents\visual studio 2017\projects\gdw-1-project-2\gdw-1-project-2\main.cpp(10): note: see declaration of 'Deck<T>::draw'
  c:\users\100716573\documents\visual studio 2017\projects\gdw-1-project-2\gdw-1-project-2\main.cpp(45): note: see reference to class template instantiation 'Deck<T>' being compiled
c:\users\100716573\documents\visual studio 2017\projects\gdw-1-project-2\gdw-1-project-2\main.cpp(42): error C2535: 'void Deck<T>::shuffle(void)': member function already defined or declared
  c:\users\100716573\documents\visual studio 2017\projects\gdw-1-project-2\gdw-1-project-2\main.cpp(11): note: see declaration of 'Deck<T>::shuffle'
c:\users\100716573\documents\visual studio 2017\projects\gdw-1-project-2\gdw-1-project-2\main.cpp(92): error C2106: '=': left operand must be l-value
c:\users\100716573\documents\visual studio 2017\projects\gdw-1-project-2\gdw-1-project-2\main.cpp(19): error C2535: 'T Deck<T>::draw(void)': member function already defined or declared
          with
          [
              T=Weapon
          ]
  c:\users\100716573\documents\visual studio 2017\projects\gdw-1-project-2\gdw-1-project-2\main.cpp(10): note: see declaration of 'Deck<Weapon>::draw'
  c:\users\100716573\documents\visual studio 2017\projects\gdw-1-project-2\gdw-1-project-2\main.cpp(105): note: see reference to class template instantiation 'Deck<Weapon>' being compiled
c:\users\100716573\documents\visual studio 2017\projects\gdw-1-project-2\gdw-1-project-2\main.cpp(42): error C2535: 'void Deck<Weapon>::shuffle(void)': member function already defined or declared
  c:\users\100716573\documents\visual studio 2017\projects\gdw-1-project-2\gdw-1-project-2\main.cpp(11): note: see declaration of 'Deck<Weapon>::shuffle'
c:\users\100716573\documents\visual studio 2017\projects\gdw-1-project-2\gdw-1-project-2\main.cpp(105): error C2664: 'Deck<Weapon>::Deck(Deck<Weapon> &&)': cannot convert argument 1 from 'initializer list' to 'T []'
          with
          [
              T=Weapon
          ]
  c:\users\100716573\documents\visual studio 2017\projects\gdw-1-project-2\gdw-1-project-2\main.cpp(105): note: The initializer contains too many elements
c:\users\100716573\documents\visual studio 2017\projects\gdw-1-project-2\gdw-1-project-2\main.cpp(19): error C2535: 'T Deck<T>::draw(void)': member function already defined or declared
          with
          [
              T=Character
          ]
  c:\users\100716573\documents\visual studio 2017\projects\gdw-1-project-2\gdw-1-project-2\main.cpp(10): note: see declaration of 'Deck<Character>::draw'
  c:\users\100716573\documents\visual studio 2017\projects\gdw-1-project-2\gdw-1-project-2\main.cpp(106): note: see reference to class template instantiation 'Deck<Character>' being compiled
c:\users\100716573\documents\visual studio 2017\projects\gdw-1-project-2\gdw-1-project-2\main.cpp(42): error C2535: 'void Deck<Character>::shuffle(void)': member function already defined or declared
  c:\users\100716573\documents\visual studio 2017\projects\gdw-1-project-2\gdw-1-project-2\main.cpp(11): note: see declaration of 'Deck<Character>::shuffle'
c:\users\100716573\documents\visual studio 2017\projects\gdw-1-project-2\gdw-1-project-2\main.cpp(106): error C2664: 'Deck<Character>::Deck(Deck<Character> &&)': cannot convert argument 1 from 'initializer list' to 'T []'
          with
          [
              T=Character
          ]
  c:\users\100716573\documents\visual studio 2017\projects\gdw-1-project-2\gdw-1-project-2\main.cpp(106): note: The initializer contains too many elements
c:\users\100716573\documents\visual studio 2017\projects\gdw-1-project-2\gdw-1-project-2\main.cpp(19): error C2535: 'T Deck<T>::draw(void)': member function already defined or declared
          with
          [
              T=Rooms
          ]
  c:\users\100716573\documents\visual studio 2017\projects\gdw-1-project-2\gdw-1-project-2\main.cpp(10): note: see declaration of 'Deck<Rooms>::draw'
  c:\users\100716573\documents\visual studio 2017\projects\gdw-1-project-2\gdw-1-project-2\main.cpp(107): note: see reference to class template instantiation 'Deck<Rooms>' being compiled
c:\users\100716573\documents\visual studio 2017\projects\gdw-1-project-2\gdw-1-project-2\main.cpp(42): error C2535: 'void Deck<Rooms>::shuffle(void)': member function already defined or declared
  c:\users\100716573\documents\visual studio 2017\projects\gdw-1-project-2\gdw-1-project-2\main.cpp(11): note: see declaration of 'Deck<Rooms>::shuffle'
c:\users\100716573\documents\visual studio 2017\projects\gdw-1-project-2\gdw-1-project-2\main.cpp(107): error C2664: 'Deck<Rooms>::Deck(Deck<Rooms> &&)': cannot convert argument 1 from 'initializer list' to 'T []'
          with
          [
              T=Rooms
          ]
  c:\users\100716573\documents\visual studio 2017\projects\gdw-1-project-2\gdw-1-project-2\main.cpp(107): note: The initializer contains too many elements
